Removed Pin From Net: NetName=DO Pin=J1-4
Removed Pin From Net: NetName=DO Pin=J1-4
Removed Pin From Net: NetName=GND Pin=J3-3
Removed Pin From Net: NetName=GND Pin=J3-3
Removed Pin From Net: NetName=DO Pin=J3-4
Removed Pin From Net: NetName=DO Pin=J3-4
Change Component Footprint: Designator=J2 Old Footprint=JUMPER_SMT New Footprint=HEADER, 3-pin, 2mm MOD
Change Component Footprint: Designator=J4 Old Footprint=JUMPER_SMT New Footprint=HEADER, 3-pin, 2mm MOD
Change Component Comment : Designator=J1 Old Comment=IDC CONN, 4-pin New Comment=HEADER, 3-PIN
Change Component Comment : Designator=J4 Old Comment=JUMPER_MOD New Comment=HEADER, 3-PIN
Change Component Comment : Designator=J2 Old Comment=JUMPER_MOD New Comment=HEADER, 3-PIN
Added Component: Designator=J3(JUMPER_SMT)
Added Component: Designator=J5(HEADER, 3-pin, 2mm MOD)
Added Component: Designator=J6(JUMPER_SMT)
Added Pin To Net: NetName=GND Pin=J5-1
Added Pin To Net: NetName=VDD Pin=J5-2
Added Pin To Net: NetName=DO Pin=J5-3
Added Pin To Net: NetName=DI Pin=J6-1
Added Pin To Net: NetName=NetD4_1 Pin=J6-2
Change Class Name : Old Net Name=505153_1_1 New Net Name=505153_1_2
Added Member To Class: ClassName=505153_1_2 Member=Component J5 HEADER, 3-PIN
Added Member To Class: ClassName=505153_1_2 Member=Component J6 JUMPER_MOD
Added Room: Name=505153_1_2
Removed Pin From Net: NetName=DI Pin=J1-1
Removed Pin From Net: NetName=DI Pin=J1-1
Added Pin To Net: NetName=GND Pin=J1-1
Added Pin To Net: NetName=GND Pin=J1-1
Removed Pin From Net: NetName=GND Pin=J1-3
Removed Pin From Net: NetName=GND Pin=J1-3
Added Pin To Net: NetName=DI Pin=J1-3
Added Pin To Net: NetName=DI Pin=J1-3
Removed Pin From Net: NetName=NetD4_1 Pin=J2-1
Added Pin To Net: NetName=GND Pin=J2-1
Removed Pin From Net: NetName=DO Pin=J2-2
Added Pin To Net: NetName=VDD Pin=J2-2
Removed Pin From Net: NetName=DI Pin=J4-1
Added Pin To Net: NetName=GND Pin=J4-1
Removed Pin From Net: NetName=NetD4_1 Pin=J4-2
Added Pin To Net: NetName=VDD Pin=J4-2
